c:\code\fltkpractice\abhijit\abhijit\abhijit\debug\vc100.pdb
c:\code\fltkpractice\abhijit\abhijit\abhijit\debug\main.obj
c:\code\fltkpractice\abhijit\abhijit\debug\abhijit.ilk
c:\code\fltkpractice\abhijit\abhijit\debug\abhijit.exe
c:\code\fltkpractice\abhijit\abhijit\abhijit\debug\abhijit.exe.intermediate.manifest
c:\code\fltkpractice\abhijit\abhijit\debug\abhijit.pdb
c:\code\fltkpractice\abhijit\abhijit\abhijit\debug\abhijit.exe.embed.manifest
c:\code\fltkpractice\abhijit\abhijit\abhijit\debug\abhijit.exe.embed.manifest.res
c:\users\michael\dropbox\code\windows\abhijit\abhijit\debug\vc140.pdb
c:\users\michael\dropbox\code\windows\abhijit\abhijit\debug\vc140.idb
c:\users\michael\dropbox\code\windows\abhijit\abhijit\debug\main.obj
c:\users\michael\dropbox\code\windows\abhijit\abhijit\debug\cl.command.1.tlog
c:\users\michael\dropbox\code\windows\abhijit\abhijit\debug\cl.read.1.tlog
c:\users\michael\dropbox\code\windows\abhijit\abhijit\debug\cl.write.1.tlog
c:\users\michael\dropbox\code\windows\abhijit\abhijit\debug\link-cvtres.read.1.tlog
c:\users\michael\dropbox\code\windows\abhijit\abhijit\debug\link-cvtres.write.1.tlog
c:\users\michael\dropbox\code\windows\abhijit\abhijit\debug\link.11588-cvtres.read.1.tlog
c:\users\michael\dropbox\code\windows\abhijit\abhijit\debug\link.11588-cvtres.write.1.tlog
c:\users\michael\dropbox\code\windows\abhijit\abhijit\debug\link.11588.read.1.tlog
c:\users\michael\dropbox\code\windows\abhijit\abhijit\debug\link.11588.write.1.tlog
c:\users\michael\dropbox\code\windows\abhijit\abhijit\debug\link.command.1.tlog
c:\users\michael\dropbox\code\windows\abhijit\abhijit\debug\link.read.1.tlog
c:\users\michael\dropbox\code\windows\abhijit\abhijit\debug\link.write.1.tlog
c:\users\michael\dropbox\code\windows\abhijit\abhijit\debug\mt.command.1.tlog
c:\users\michael\dropbox\code\windows\abhijit\abhijit\debug\mt.read.1.tlog
c:\users\michael\dropbox\code\windows\abhijit\abhijit\debug\mt.write.1.tlog
c:\users\michael\dropbox\code\windows\abhijit\abhijit\debug\rc.command.1.tlog
c:\users\michael\dropbox\code\windows\abhijit\abhijit\debug\rc.read.1.tlog
c:\users\michael\dropbox\code\windows\abhijit\abhijit\debug\rc.write.1.tlog
c:\users\michael\dropbox\code\windows\abhijit\abhijit\debug\abhijit.exe.embed.manifest
c:\users\michael\dropbox\code\windows\abhijit\abhijit\debug\abhijit.exe.intermediate.manifest
c:\users\michael\dropbox\code\windows\abhijit\abhijit\debug\abhijit.exe.embed.manifest.res
c:\users\michael\dropbox\code\windows\abhijit\abhijit\debug\vc100.idb
c:\users\michael\dropbox\code\windows\abhijit\abhijit\debug\vc100.pdb
c:\users\michael\dropbox\code\windows\abhijit\abhijit\debug\abhijit_manifest.rc
c:\users\michael\dropbox\code\windows\abhijit\debug\abhijit.pdb
c:\users\michael\dropbox\code\windows\abhijit\abhijit\debug\abhijit.tlog\cl.command.1.tlog
c:\users\michael\dropbox\code\windows\abhijit\abhijit\debug\abhijit.tlog\cl.read.1.tlog
c:\users\michael\dropbox\code\windows\abhijit\abhijit\debug\abhijit.tlog\cl.write.1.tlog
c:\users\michael\dropbox\code\windows\abhijit\abhijit\debug\abhijit.tlog\link-cvtres.read.1.tlog
c:\users\michael\dropbox\code\windows\abhijit\abhijit\debug\abhijit.tlog\link-cvtres.write.1.tlog
c:\users\michael\dropbox\code\windows\abhijit\abhijit\debug\abhijit.tlog\link-rc.read.1.tlog
c:\users\michael\dropbox\code\windows\abhijit\abhijit\debug\abhijit.tlog\link-rc.write.1.tlog
c:\users\michael\dropbox\code\windows\abhijit\abhijit\debug\abhijit.tlog\link.command.1.tlog
c:\users\michael\dropbox\code\windows\abhijit\abhijit\debug\abhijit.tlog\link.read.1.tlog
c:\users\michael\dropbox\code\windows\abhijit\abhijit\debug\abhijit.tlog\link.write.1.tlog
